<?xml version="1.0" encoding="UTF-8"?>
<!-- Generated by org.testng.reporters.JUnitXMLReporter -->
<testsuite hostname="NAG1-LHP-N07364" ignored="18" name="Test4723" tests="10" failures="0" timestamp="11 May 2021 07:35:34 GMT" time="257.43" errors="0">
  <testcase name="test" time="12.171" classname="com.swg.framework.setup.InitializerScript"/>
  <testcase name="test" time="10.02" classname="com.swg.framework.setup.InitializerScript"/>
  <testcase name="test" time="13.869" classname="com.swg.framework.setup.InitializerScript"/>
  <testcase name="test" time="40.313" classname="com.swg.framework.setup.InitializerScript"/>
  <testcase name="test" time="23.25" classname="com.swg.framework.setup.InitializerScript"/>
  <testcase name="test" time="22.07" classname="com.swg.framework.setup.InitializerScript"/>
  <testcase name="test" time="20.83" classname="com.swg.framework.setup.InitializerScript"/>
  <testcase name="test" time="12.09" classname="com.swg.framework.setup.InitializerScript"/>
  <testcase name="test" time="12.51" classname="com.swg.framework.setup.InitializerScript"/>
  <testcase name="test" time="7.14" classname="com.swg.framework.setup.InitializerScript"/>
  <testcase name="@AfterSuite afterClass" time="0.0" classname="com.swg.framework.setup.InitializerScript">
    <ignored/>
  </testcase> <!-- @AfterSuite afterClass -->
  <testcase name="@AfterSuite afterClass" time="0.0" classname="com.swg.framework.setup.InitializerScript">
    <ignored/>
  </testcase> <!-- @AfterSuite afterClass -->
  <testcase name="@AfterSuite afterClass" time="0.0" classname="com.swg.framework.setup.InitializerScript">
    <ignored/>
  </testcase> <!-- @AfterSuite afterClass -->
  <testcase name="@AfterSuite afterClass" time="0.0" classname="com.swg.framework.setup.InitializerScript">
    <ignored/>
  </testcase> <!-- @AfterSuite afterClass -->
  <testcase name="@AfterSuite afterClass" time="0.0" classname="com.swg.framework.setup.InitializerScript">
    <ignored/>
  </testcase> <!-- @AfterSuite afterClass -->
  <testcase name="@AfterSuite afterClass" time="0.0" classname="com.swg.framework.setup.InitializerScript">
    <ignored/>
  </testcase> <!-- @AfterSuite afterClass -->
  <testcase name="@AfterSuite afterClass" time="0.0" classname="com.swg.framework.setup.InitializerScript">
    <ignored/>
  </testcase> <!-- @AfterSuite afterClass -->
  <testcase name="@AfterSuite afterClass" time="0.0" classname="com.swg.framework.setup.InitializerScript">
    <ignored/>
  </testcase> <!-- @AfterSuite afterClass -->
  <testcase name="@AfterSuite afterClass" time="0.0" classname="com.swg.framework.setup.InitializerScript">
    <ignored/>
  </testcase> <!-- @AfterSuite afterClass -->
  <testcase name="@BeforeSuite beforeClass" time="0.0" classname="com.swg.framework.setup.InitializerScript">
    <ignored/>
  </testcase> <!-- @BeforeSuite beforeClass -->
  <testcase name="@BeforeSuite beforeClass" time="0.0" classname="com.swg.framework.setup.InitializerScript">
    <ignored/>
  </testcase> <!-- @BeforeSuite beforeClass -->
  <testcase name="@BeforeSuite beforeClass" time="0.0" classname="com.swg.framework.setup.InitializerScript">
    <ignored/>
  </testcase> <!-- @BeforeSuite beforeClass -->
  <testcase name="@BeforeSuite beforeClass" time="0.0" classname="com.swg.framework.setup.InitializerScript">
    <ignored/>
  </testcase> <!-- @BeforeSuite beforeClass -->
  <testcase name="@BeforeSuite beforeClass" time="0.0" classname="com.swg.framework.setup.InitializerScript">
    <ignored/>
  </testcase> <!-- @BeforeSuite beforeClass -->
  <testcase name="@BeforeSuite beforeClass" time="0.0" classname="com.swg.framework.setup.InitializerScript">
    <ignored/>
  </testcase> <!-- @BeforeSuite beforeClass -->
  <testcase name="@BeforeSuite beforeClass" time="0.0" classname="com.swg.framework.setup.InitializerScript">
    <ignored/>
  </testcase> <!-- @BeforeSuite beforeClass -->
  <testcase name="@BeforeSuite beforeClass" time="0.0" classname="com.swg.framework.setup.InitializerScript">
    <ignored/>
  </testcase> <!-- @BeforeSuite beforeClass -->
  <testcase name="@BeforeSuite beforeClass" time="0.0" classname="com.swg.framework.setup.InitializerScript">
    <ignored/>
  </testcase> <!-- @BeforeSuite beforeClass -->
</testsuite> <!-- Test4723 -->
